[33mtools.auxiliary - WARNING - Constraint similarity score is too high: (strateegy = 'uniform') -> (sample_weight = 'None')[0m
========== PROJECT: c1-2 ==========
CLASS: 1
CLASS_WITH_DOCSTRING: 1
INSIDE FUNCTION: 1
INSIDE FUNCTION WITH DOCSTRING: 1
INDEPENDENT FUNCTION: 0
INDEPENDENT FUNCTION WITH DOCSTRING: 0
=============== END ===============
Processing ----- KBinsDiscretizer
Processing memberfunc: fit
--- MISMATCH : KBinsDiscretizer - KBinsDiscretizer --- 
Doc: ['n_bins', 'encode', 'strategy', 'dtype', 'subsample', 'random_state', 'sample_weight']
Code: ['n_bins', 'encode', 'strategy', 'dtype', 'subsample', 'random_state']
Difference: {'sample_weight'}

Before Filter: 1
After Filter: 1
Translating Class: KBinsDiscretizer; Function: fit
func: /Users/esther/Desktop/projects/MPChecker-Results/tools/../info/c1-2/KBinsDiscretizer/memberfunc/fit/fit.py
total call times: 1
path: /Users/esther/Desktop/projects/MPChecker-Results/tools/../info/c1-2/KBinsDiscretizer/memberfunc/fit/fit_path.txt
python3 /Users/esther/Desktop/projects/MPChecker-Results/tools/../tools/PyExSMT/main.py --path /Users/esther/Desktop/projects/MPChecker-Results/tools/../info/c1-2/KBinsDiscretizer/memberfunc/fit/fit_trans.py --entry fit

===== Processing folder: KBinsDiscretizer =====
[91m--- Solving memberfunc: c1-2/KBinsDiscretizer/fit[0m
Checking constraints in ["(strateegy = 'uniform') -> (sample_weight = 'None')"]
Reading path file: /Users/esther/Desktop/projects/MPChecker-Results/tools/../info/c1-2/KBinsDiscretizer/memberfunc/fit/fit_path.txt

~~~~~~~~~~
[93m[Constraint #1][0m: (strateegy = 'uniform') -> (sample_weight = 'None')
  - Parameter Names: ['strateegy', 'sample_weight']
  - Parameters: [('strateegy', '=', 'uniform', ''), ('sample_weight', '=', 'None', '')]
  - Expression: And(strateegy == "uniform", sample_weight == "None")
  - Modified Parameter Names: ['strategy', 'sample_weight']
  - Modified Parameters: [('strategy', '=', 'uniform', ''), ('sample_weight', '=', 'None', '')]
  - Modified Expression: And(strategy == "uniform", sample_weight == "None")
  - Logic: {0}^{1}
  - Similarity: 0.97
~~~~~~~~~~
All path files checked.
