========== PROJECT: c11-0 ==========
CLASS: 0
CLASS_WITH_DOCSTRING: 0
INSIDE FUNCTION: 0
INSIDE FUNCTION WITH DOCSTRING: 0
INDEPENDENT FUNCTION: 1
INDEPENDENT FUNCTION WITH DOCSTRING: 1
=============== END ===============
Processing ----- dict_learning
Before Filter: 1
After Filter: 1
Translating Independent Function: dict_learning
func: /Users/esther/Desktop/projects/MPChecker-Results/tools/../info/c11-0/dict_learning/dict_learning.py
total call times: 1
path: /Users/esther/Desktop/projects/MPChecker-Results/tools/../info/c11-0/dict_learning/dict_learning_path.txt
python3 /Users/esther/Desktop/projects/MPChecker-Results/tools/../tools/PyExSMT/main.py --path /Users/esther/Desktop/projects/MPChecker-Results/tools/../info/c11-0/dict_learning/dict_learning_trans.py --entry dict_learning

===== Processing folder: dict_learning =====
[91m--- Solving func: c11-0/dict_learning[0m
Checking constraints in ["(code_init != 'None') -> (dict_init != 'None')"]
Reading path file: /Users/esther/Desktop/projects/MPChecker-Results/tools/../info/c11-0/dict_learning/dict_learning_path.txt

~~~~~~~~~~
[93m[Constraint #1][0m: (code_init != 'None') -> (dict_init != 'None')
  - Parameter Names: ['code_init', 'dict_init']
  - Parameters: [('code_init', '!=', 'None', ''), ('dict_init', '!=', 'None', '')]
  - Expression: And(code_init != "None", True)
  - Modified Parameter Names: ['code_init', 'dict_init']
  - Modified Parameters: [('code_init', '!=', 'None', ''), ('dict_init', '!=', 'None', '')]
  - Modified Expression: And(code_init != "None", True)
  - Logic: {0}^{1}
  - Similarity: 1.0
~~~~~~~~~~
Starting to solve the constraint===>>>
normal results: [False, True, True, True, True, True, True, True, True, True, True, True, True, True, True, True, True, True, True, True, True]
All path files checked.
