========== PROJECT: c18-0 ==========
CLASS: 1
CLASS_WITH_DOCSTRING: 1
INSIDE FUNCTION: 1
INSIDE FUNCTION WITH DOCSTRING: 1
INDEPENDENT FUNCTION: 0
INDEPENDENT FUNCTION WITH DOCSTRING: 0
=============== END ===============
Processing ----- SelfTrainingClassifier
Processing memberfunc: fit
Before Filter: 1
After Filter: 1
Translating Class: SelfTrainingClassifier; Function: fit
func: /Users/esther/Desktop/projects/MPChecker-Results/tools/../info/c18-0/SelfTrainingClassifier/memberfunc/fit/fit.py
total call times: 1
path: /Users/esther/Desktop/projects/MPChecker-Results/tools/../info/c18-0/SelfTrainingClassifier/memberfunc/fit/fit_path.txt
python3 /Users/esther/Desktop/projects/MPChecker-Results/tools/../tools/PyExSMT/main.py --path /Users/esther/Desktop/projects/MPChecker-Results/tools/../info/c18-0/SelfTrainingClassifier/memberfunc/fit/fit_trans.py --entry fit

===== Processing folder: SelfTrainingClassifier =====
[91m--- Solving memberfunc: c18-0/SelfTrainingClassifier/fit[0m
Checking constraints in ["(criterion = 'k_best') -> (k_best = 'exist')"]
Reading path file: /Users/esther/Desktop/projects/MPChecker-Results/tools/../info/c18-0/SelfTrainingClassifier/memberfunc/fit/fit_path.txt
normal results: [False, True, True, True, True, True, True, True, True, True, True, True, True, True, True, True, True, True, True, True, True, True, True, True, True, True, True, True, True, True, True, True, True, False, False, False, False, False, False, False, False, False, False, False, False, False, False, False, False, False, False, False, False, False, False, False, False, False, False, False, False, False, False, False, False]
All path files checked.
