========== PROJECT: c19-0 ==========
CLASS: 1
CLASS_WITH_DOCSTRING: 1
INSIDE FUNCTION: 1
INSIDE FUNCTION WITH DOCSTRING: 0
INDEPENDENT FUNCTION: 0
INDEPENDENT FUNCTION WITH DOCSTRING: 0
=============== END ===============
Processing ----- IterativeImputer
Processing memberfunc: _fit_indicator
Before Filter: 1
After Filter: 1
Translating Class: IterativeImputer; Function: _fit_indicator
func: /Users/esther/Desktop/projects/MPChecker-Results/tools/../info/c19-0/IterativeImputer/memberfunc/_fit_indicator/_fit_indicator.py
total call times: 1
path: /Users/esther/Desktop/projects/MPChecker-Results/tools/../info/c19-0/IterativeImputer/memberfunc/_fit_indicator/_fit_indicator_path.txt
python3 /Users/esther/Desktop/projects/MPChecker-Results/tools/../tools/PyExSMT/main.py --path /Users/esther/Desktop/projects/MPChecker-Results/tools/../info/c19-0/IterativeImputer/memberfunc/_fit_indicator/_fit_indicator_trans.py --entry _fit_indicator

===== Processing folder: IterativeImputer =====
[91m--- Solving memberfunc: c19-0/IterativeImputer/_fit_indicator[0m
Checking constraints in ["(add_indicator = 'True') -> (indicator_ = 'None')"]
Reading path file: /Users/esther/Desktop/projects/MPChecker-Results/tools/../info/c19-0/IterativeImputer/memberfunc/_fit_indicator/_fit_indicator_path.txt

~~~~~~~~~~
[93m[Constraint #1][0m: (add_indicator = 'True') -> (indicator_ = 'None')
  - Parameter Names: ['add_indicator', 'indicator_']
  - Parameters: [('add_indicator', '=', 'True', ''), ('indicator_', '=', 'None', '')]
  - Expression: And(add_indicator != 0, indicator_ == "None")
  - Modified Parameter Names: ['add_indicator', 'indicator_']
  - Modified Parameters: [('add_indicator', '=', 'True', ''), ('indicator_', '=', 'None', '')]
  - Modified Expression: And(add_indicator != 0, indicator_ == "None")
  - Logic: {0}^{1}
  - Similarity: 0.75
~~~~~~~~~~
Starting to solve the constraint===>>>
normal results: [False, False]


[91m[ BAD CONSTRAINT ][0m
##################################################
Library: c19-0
Class: IterativeImputer
Memberfunc: _fit_indicator
Constraint: (add_indicator = 'True') -> (indicator_ = 'None')
path file: /Users/esther/Desktop/projects/MPChecker-Results/tools/../info/c19-0/IterativeImputer/memberfunc/_fit_indicator/_fit_indicator_path.txt
##################################################


BAD CONSTRAINT
