========== PROJECT: c19-1 ==========
CLASS: 1
CLASS_WITH_DOCSTRING: 1
INSIDE FUNCTION: 1
INSIDE FUNCTION WITH DOCSTRING: 0
INDEPENDENT FUNCTION: 0
INDEPENDENT FUNCTION WITH DOCSTRING: 0
=============== END ===============
Processing ----- IterativeImputer
Processing memberfunc: _fit_indicator
Before Filter: 1
After Filter: 1
Translating Class: IterativeImputer; Function: _fit_indicator
func: /Users/esther/Desktop/projects/MPChecker-Results/tools/../info/c19-1/IterativeImputer/memberfunc/_fit_indicator/_fit_indicator.py
total call times: 1
path: /Users/esther/Desktop/projects/MPChecker-Results/tools/../info/c19-1/IterativeImputer/memberfunc/_fit_indicator/_fit_indicator_path.txt
python3 /Users/esther/Desktop/projects/MPChecker-Results/tools/../tools/PyExSMT/main.py --path /Users/esther/Desktop/projects/MPChecker-Results/tools/../info/c19-1/IterativeImputer/memberfunc/_fit_indicator/_fit_indicator_trans.py --entry _fit_indicator

===== Processing folder: IterativeImputer =====
[91m--- Solving memberfunc: c19-1/IterativeImputer/_fit_indicator[0m
Checking constraints in ["(indicator = 'True') -> (indicator_ = 'None')"]
Reading path file: /Users/esther/Desktop/projects/MPChecker-Results/tools/../info/c19-1/IterativeImputer/memberfunc/_fit_indicator/_fit_indicator_path.txt

~~~~~~~~~~
[93m[Constraint #1][0m: (indicator = 'True') -> (indicator_ = 'None')
  - Parameter Names: ['indicator', 'indicator_']
  - Parameters: [('indicator', '=', 'True', ''), ('indicator_', '=', 'None', '')]
  - Expression: And(indicator != 0, indicator_ == "None")
  - Modified Parameter Names: ['indicator_', 'indicator_']
  - Modified Parameters: [('indicator_', '=', 'True', ''), ('indicator_', '=', 'None', '')]
  - Modified Expression: And(indicator_ != 0, indicator_ == "None")
  - Logic: {0}^{1}
  - Similarity: 0.79
~~~~~~~~~~
Starting to solve the constraint===>>>
normal results: [False, True]
All path files checked.
