========== PROJECT: c26-1 ==========
CLASS: 1
CLASS_WITH_DOCSTRING: 1
INSIDE FUNCTION: 1
INSIDE FUNCTION WITH DOCSTRING: 0
INDEPENDENT FUNCTION: 0
INDEPENDENT FUNCTION WITH DOCSTRING: 0
=============== END ===============
Processing ----- BaseMultilayerPerceptron
Processing memberfunc: _fit_stochastic
--- MISMATCH : BaseMultilayerPerceptron - BaseMultilayerPerceptron --- 
Doc: ['hidden_layer_sizes', 'activation', 'solver', 'alpha', 'batch_size', 'learning_rate', 'learning_rate_init', 'power_t', 'max_iter', 'shuffle', 'random_state', 'tol', 'verbose', 'warm_start', 'momentum', 'nesterovs_momentum', 'early_stopping', 'validation_fraction', 'beta_1', 'beta_2', 'epsilon', 'n_iter_no_change', 'max_fun']
Code: ['N', 'o', ' ', '_', '_', 'i', 'n', 'i', 't', '_', '_', ' ', 'm', 'e', 't', 'h', 'o', 'd', ' ', 'f', 'o', 'u', 'n', 'd']
Difference: {'random_state', 'warm_start', 'learning_rate_init', 'batch_size', 'h', 'verbose', 'epsilon', ' ', 'hidden_layer_sizes', 'power_t', 'e', 'n_iter_no_change', 'shuffle', 'activation', 'alpha', 'validation_fraction', 'tol', 'nesterovs_momentum', 'max_iter', 'o', 'm', 'early_stopping', 'momentum', 'beta_2', 'learning_rate', 'max_fun', 'N', 't', 'n', '_', 'f', 'd', 'i', 'u', 'solver', 'beta_1'}

Before Filter: 1
After Filter: 1
Translating Class: BaseMultilayerPerceptron; Function: _fit_stochastic
func: /Users/esther/Desktop/projects/MPChecker-Results/tools/../info/c26-1/BaseMultilayerPerceptron/memberfunc/_fit_stochastic/_fit_stochastic.py
total call times: 1
path: /Users/esther/Desktop/projects/MPChecker-Results/tools/../info/c26-1/BaseMultilayerPerceptron/memberfunc/_fit_stochastic/_fit_stochastic_path.txt
python3 /Users/esther/Desktop/projects/MPChecker-Results/tools/../tools/PyExSMT/main.py --path /Users/esther/Desktop/projects/MPChecker-Results/tools/../info/c26-1/BaseMultilayerPerceptron/memberfunc/_fit_stochastic/_fit_stochastic_trans.py --entry _fit_stochastic

===== Processing folder: BaseMultilayerPerceptron =====
[91m--- Solving memberfunc: c26-1/BaseMultilayerPerceptron/_fit_stochastic[0m
Checking constraints in ["(solver != 'adam') -> (beta_1 = 'exist')"]
Reading path file: /Users/esther/Desktop/projects/MPChecker-Results/tools/../info/c26-1/BaseMultilayerPerceptron/memberfunc/_fit_stochastic/_fit_stochastic_path.txt
normal results: [False, False, False, False, False, False, False, False, False, False, False, False, False, False, False, False, False, False, False, False, False, False, False, False, False, False, False, False, False, False, False, False, False, False, False, False, False, False, False, False]


[91m[ BAD CONSTRAINT WITH FUZZY ][0m
##################################################
Library: c26-1
Class: BaseMultilayerPerceptron
Memberfunc: _fit_stochastic
Constraint: (solver != 'adam') -> (beta_1 = 'exist')
path file: /Users/esther/Desktop/projects/MPChecker-Results/tools/../info/c26-1/BaseMultilayerPerceptron/memberfunc/_fit_stochastic/_fit_stochastic_path.txt
##################################################


BAD CONSTRAINT
