========== PROJECT: c27-2 ==========
CLASS: 1
CLASS_WITH_DOCSTRING: 1
INSIDE FUNCTION: 1
INSIDE FUNCTION WITH DOCSTRING: 0
INDEPENDENT FUNCTION: 0
INDEPENDENT FUNCTION WITH DOCSTRING: 0
=============== END ===============
Processing ----- BaseMultilayerPerceptron
Processing memberfunc: _fit_stochastic
--- MISMATCH : BaseMultilayerPerceptron - BaseMultilayerPerceptron --- 
Doc: ['hidden_layer_sizes', 'activation', 'solver', 'alpha', 'batch_size', 'learning_rate', 'learning_rate_init', 'power_t', 'max_iter', 'shuffle', 'random_state', 'tol', 'verbose', 'warm_start', 'momentum', 'nesterovs_momentum', 'early_stopping', 'validation_fraction', 'beta_1', 'beta_2', 'epsilon', 'n_iter_no_change', 'max_fun']
Code: ['N', 'o', ' ', '_', '_', 'i', 'n', 'i', 't', '_', '_', ' ', 'm', 'e', 't', 'h', 'o', 'd', ' ', 'f', 'o', 'u', 'n', 'd']
Difference: {'epsilon', 'hidden_layer_sizes', 'alpha', 'o', 'max_fun', 'i', 'f', 'early_stopping', 'warm_start', 'shuffle', ' ', 'm', 'h', '_', 't', 'max_iter', 'learning_rate_init', 'verbose', 'n_iter_no_change', 'learning_rate', 'batch_size', 'power_t', 'beta_2', 'activation', 'momentum', 'u', 'N', 'n', 'validation_fraction', 'solver', 'tol', 'random_state', 'nesterovs_momentum', 'beta_1', 'e', 'd'}

Before Filter: 1
After Filter: 1
Translating Class: BaseMultilayerPerceptron; Function: _fit_stochastic
func: /Users/esther/Desktop/projects/MPChecker-Results/tools/../info/c27-2/BaseMultilayerPerceptron/memberfunc/_fit_stochastic/_fit_stochastic.py
total call times: 1
path: /Users/esther/Desktop/projects/MPChecker-Results/tools/../info/c27-2/BaseMultilayerPerceptron/memberfunc/_fit_stochastic/_fit_stochastic_path.txt
python3 /Users/esther/Desktop/projects/MPChecker-Results/tools/../tools/PyExSMT/main.py --path /Users/esther/Desktop/projects/MPChecker-Results/tools/../info/c27-2/BaseMultilayerPerceptron/memberfunc/_fit_stochastic/_fit_stochastic_trans.py --entry _fit_stochastic

===== Processing folder: BaseMultilayerPerceptron =====
[91m--- Solving memberfunc: c27-2/BaseMultilayerPerceptron/_fit_stochastic[0m
Checking constraints in ["(solver = 'sgd') -> (epsilon = 'exist')"]
Reading path file: /Users/esther/Desktop/projects/MPChecker-Results/tools/../info/c27-2/BaseMultilayerPerceptron/memberfunc/_fit_stochastic/_fit_stochastic_path.txt
normal results: [False, False, False, False, False, False, False, False, False, False, False, False, False, False, False, False, False, False, False, False, False, False, False, False, False, False, False, False, False, False, False, False, False, False, False, False, False, False, False, False]


[91m[ BAD CONSTRAINT WITH FUZZY ][0m
##################################################
Library: c27-2
Class: BaseMultilayerPerceptron
Memberfunc: _fit_stochastic
Constraint: (solver = 'sgd') -> (epsilon = 'exist')
path file: /Users/esther/Desktop/projects/MPChecker-Results/tools/../info/c27-2/BaseMultilayerPerceptron/memberfunc/_fit_stochastic/_fit_stochastic_path.txt
##################################################


BAD CONSTRAINT
