========== PROJECT: c28-2 ==========
CLASS: 0
CLASS_WITH_DOCSTRING: 0
INSIDE FUNCTION: 0
INSIDE FUNCTION WITH DOCSTRING: 0
INDEPENDENT FUNCTION: 1
INDEPENDENT FUNCTION WITH DOCSTRING: 1
=============== END ===============
Processing ----- _check_solver
--- MISMATCH : _check_solver - _check_solver --- 
Doc: ['penalty', 'dual', 'tol', 'C', 'fit_intercept', 'intercept_scaling', 'class_weight', 'random_state', 'solver', 'max_iter', 'multi_class', 'verbose', 'warm_start', 'n_jobs', 'l1_ratio']
Code: ['solver', 'penalty', 'dual']
Difference: {'intercept_scaling', 'random_state', 'max_iter', 'warm_start', 'l1_ratio', 'tol', 'class_weight', 'fit_intercept', 'verbose', 'n_jobs', 'multi_class', 'C'}

Before Filter: 1
After Filter: 1
Translating Independent Function: _check_solver
func: /Users/esther/Desktop/projects/MPChecker-Results/tools/../info/c28-2/_check_solver/_check_solver.py
total call times: 1
path: /Users/esther/Desktop/projects/MPChecker-Results/tools/../info/c28-2/_check_solver/_check_solver_path.txt
python3 /Users/esther/Desktop/projects/MPChecker-Results/tools/../tools/PyExSMT/main.py --path /Users/esther/Desktop/projects/MPChecker-Results/tools/../info/c28-2/_check_solver/_check_solver_trans.py --entry _check_solver

===== Processing folder: _check_solver =====
[91m--- Solving func: c28-2/_check_solver[0m
Checking constraints in ["(solver != 'l2') -> (penalty = 'elasticnet')"]
Reading path file: /Users/esther/Desktop/projects/MPChecker-Results/tools/../info/c28-2/_check_solver/_check_solver_path.txt

~~~~~~~~~~
[93m[Constraint #1][0m: (solver != 'l2') -> (penalty = 'elasticnet')
  - Parameter Names: ['solver', 'penalty']
  - Parameters: [('solver', '!=', 'l2', ''), ('penalty', '=', 'elasticnet', '')]
  - Expression: And(solver != "l2", penalty == "elasticnet")
  - Modified Parameter Names: ['solver', 'penalty']
  - Modified Parameters: [('solver', '!=', 'liblinear', ''), ('penalty', '=', 'elasticnet', '')]
  - Modified Expression: And(solver != "liblinear", penalty == "elasticnet")
  - Logic: {0}^{1}
  - Similarity: 0.78
~~~~~~~~~~
Starting to solve the constraint===>>>


[91m[ BAD CONSTRAINT WITH ERROR ][0m
##################################################
Type: Raise Error
path: (solver_in_list = 0) -> (penalty_in_list = 0) -> (solver_in_list = 0) -> (solver != 'liblinear') -> (dual = 0) -> (penalty = 'elasticnet') -> (solver != 'saga') -> '(penalty)_(solver)_ERROR_END'
Library: c28-2
Function: _check_solver
Constraint: (solver != 'l2') -> (penalty = 'elasticnet')
path file: /Users/esther/Desktop/projects/MPChecker-Results/tools/../info/c28-2/_check_solver/_check_solver_path.txt
##################################################


BAD CONSTRAINT
