========== PROJECT: c30-2 ==========
CLASS: 0
CLASS_WITH_DOCSTRING: 0
INSIDE FUNCTION: 0
INSIDE FUNCTION WITH DOCSTRING: 0
INDEPENDENT FUNCTION: 1
INDEPENDENT FUNCTION WITH DOCSTRING: 1
=============== END ===============
Processing ----- _check_multi_class
--- MISMATCH : _check_multi_class - _check_multi_class --- 
Doc: ['X', 'y', 'pos_class', 'Cs', 'fit_intercept', 'max_iter', 'tol', 'verbose', 'solver', 'coef', 'class_weight', 'dual', 'penalty', 'intercept_scaling', 'multi_class', 'random_state', 'check_input', 'max_squared_sum', 'sample_weight', 'l1_ratio']
Code: ['multi_class', 'solver', 'n_classes']
Difference: {'check_input', 'class_weight', 'tol', 'Cs', 'random_state', 'l1_ratio', 'verbose', 'dual', 'y', 'pos_class', 'intercept_scaling', 'sample_weight', 'n_classes', 'X', 'coef', 'penalty', 'max_iter', 'max_squared_sum', 'fit_intercept'}

Before Filter: 1
After Filter: 1
Translating Independent Function: _check_multi_class
func: /Users/esther/Desktop/projects/MPChecker-Results/tools/../info/c30-2/_check_multi_class/_check_multi_class.py
total call times: 1
path: /Users/esther/Desktop/projects/MPChecker-Results/tools/../info/c30-2/_check_multi_class/_check_multi_class_path.txt
python3 /Users/esther/Desktop/projects/MPChecker-Results/tools/../tools/PyExSMT/main.py --path /Users/esther/Desktop/projects/MPChecker-Results/tools/../info/c30-2/_check_multi_class/_check_multi_class_trans.py --entry _check_multi_class

===== Processing folder: _check_multi_class =====
[91m--- Solving func: c30-2/_check_multi_class[0m
Checking constraints in ["(solver = 'liblinear') -> (class = 'multi_nomial')"]
Reading path file: /Users/esther/Desktop/projects/MPChecker-Results/tools/../info/c30-2/_check_multi_class/_check_multi_class_path.txt

~~~~~~~~~~
[93m[Constraint #1][0m: (solver = 'liblinear') -> (class = 'multi_nomial')
  - Parameter Names: ['solver', 'class']
  - Parameters: [('solver', '=', 'liblinear', ''), ('class', '=', 'multi_nomial', '')]
  - Expression: And(solver == "liblinear", class == "multi_nomial")
  - Modified Parameter Names: ['solver', 'multi_class']
  - Modified Parameters: [('solver', '=', 'liblinear', ''), ('multi_class', '=', 'multinomial', '')]
  - Modified Expression: And(solver == "liblinear", multi_class == "multinomial")
  - Logic: {0}^{1}
  - Similarity: 0.84
~~~~~~~~~~
Starting to solve the constraint===>>>


[91m[ BAD CONSTRAINT WITH ERROR ][0m
##################################################
Type: Raise Error
path: (multi_class != 'auto') -> (multi_class_in_list = 0) -> (multi_class = 'multinomial') -> (solver = 'liblinear') -> '(multi_class)_(multi_class)_(solver)_ERROR_END'
Library: c30-2
Function: _check_multi_class
Constraint: (solver = 'liblinear') -> (class = 'multi_nomial')
path file: /Users/esther/Desktop/projects/MPChecker-Results/tools/../info/c30-2/_check_multi_class/_check_multi_class_path.txt
##################################################


BAD CONSTRAINT
