========== PROJECT: c31-1 ==========
CLASS: 0
CLASS_WITH_DOCSTRING: 0
INSIDE FUNCTION: 0
INSIDE FUNCTION WITH DOCSTRING: 0
INDEPENDENT FUNCTION: 1
INDEPENDENT FUNCTION WITH DOCSTRING: 1
=============== END ===============
Processing ----- spectral_clustering
Before Filter: 1
After Filter: 1
Translating Independent Function: spectral_clustering
func: /Users/esther/Desktop/projects/MPChecker-Results/tools/../info/c31-1/spectral_clustering/spectral_clustering.py
total call times: 1
path: /Users/esther/Desktop/projects/MPChecker-Results/tools/../info/c31-1/spectral_clustering/spectral_clustering_path.txt
python3 /Users/esther/Desktop/projects/MPChecker-Results/tools/../tools/PyExSMT/main.py --path /Users/esther/Desktop/projects/MPChecker-Results/tools/../info/c31-1/spectral_clustering/spectral_clustering_trans.py --entry spectral_clustering

===== Processing folder: spectral_clustering =====
[91m--- Solving func: c31-1/spectral_clustering[0m
Checking constraints in ["(assign_labels = 'kmeans') -> (n_init = 'None')"]
Reading path file: /Users/esther/Desktop/projects/MPChecker-Results/tools/../info/c31-1/spectral_clustering/spectral_clustering_path.txt

~~~~~~~~~~
[93m[Constraint #1][0m: (assign_labels = 'kmeans') -> (n_init = 'None')
  - Parameter Names: ['assign_labels', 'n_init']
  - Parameters: [('assign_labels', '=', 'kmeans', ''), ('n_init', '=', 'None', '')]
  - Expression: And(assign_labels == "kmeans", n_init == "None")
  - Modified Parameter Names: ['assign_labels', 'n_init']
  - Modified Parameters: [('assign_labels', '=', 'kmeans', ''), ('n_init', '=', 'None', '')]
  - Modified Expression: And(assign_labels == "kmeans", n_init == "None")
  - Logic: {0}^{1}
  - Similarity: 0.84
~~~~~~~~~~
Starting to solve the constraint===>>>
normal results: [False, False, False, False, False, False, False, False, False]


[91m[ BAD CONSTRAINT ][0m
##################################################
Library: c31-1
Function: spectral_clustering
Constraint: (assign_labels = 'kmeans') -> (n_init = 'None')
path file: /Users/esther/Desktop/projects/MPChecker-Results/tools/../info/c31-1/spectral_clustering/spectral_clustering_path.txt
##################################################


BAD CONSTRAINT
