========== PROJECT: c32-2 ==========
CLASS: 1
CLASS_WITH_DOCSTRING: 1
INSIDE FUNCTION: 1
INSIDE FUNCTION WITH DOCSTRING: 1
INDEPENDENT FUNCTION: 0
INDEPENDENT FUNCTION WITH DOCSTRING: 0
=============== END ===============
Processing ----- FactorAnalysis
Processing memberfunc: fit
Before Filter: 1
After Filter: 1
Translating Class: FactorAnalysis; Function: fit
func: /Users/esther/Desktop/projects/MPChecker-Results/tools/../info/c32-2/FactorAnalysis/memberfunc/fit/fit.py
total call times: 1
path: /Users/esther/Desktop/projects/MPChecker-Results/tools/../info/c32-2/FactorAnalysis/memberfunc/fit/fit_path.txt
python3 /Users/esther/Desktop/projects/MPChecker-Results/tools/../tools/PyExSMT/main.py --path /Users/esther/Desktop/projects/MPChecker-Results/tools/../info/c32-2/FactorAnalysis/memberfunc/fit/fit_trans.py --entry fit

===== Processing folder: FactorAnalysis =====
[91m--- Solving memberfunc: c32-2/FactorAnalysis/fit[0m
Checking constraints in ["(svd_method = 'randomized') -> (iterated_power = 'None')"]
Reading path file: /Users/esther/Desktop/projects/MPChecker-Results/tools/../info/c32-2/FactorAnalysis/memberfunc/fit/fit_path.txt

~~~~~~~~~~
[93m[Constraint #1][0m: (svd_method = 'randomized') -> (iterated_power = 'None')
  - Parameter Names: ['svd_method', 'iterated_power']
  - Parameters: [('svd_method', '=', 'randomized', ''), ('iterated_power', '=', 'None', '')]
  - Expression: And(svd_method == "randomized", iterated_power == "None")
  - Modified Parameter Names: ['svd_method', 'iterated_power']
  - Modified Parameters: [('svd_method', '=', 'randomized', ''), ('iterated_power', '=', 'None', '')]
  - Modified Expression: And(svd_method == "randomized", iterated_power == "None")
  - Logic: {0}^{1}
  - Similarity: 1.0
~~~~~~~~~~
Starting to solve the constraint===>>>
normal results: [False, False, False, False, False, False, False, False, False, False, False, False, False, False]


[91m[ BAD CONSTRAINT ][0m
##################################################
Library: c32-2
Class: FactorAnalysis
Memberfunc: fit
Constraint: (svd_method = 'randomized') -> (iterated_power = 'None')
path file: /Users/esther/Desktop/projects/MPChecker-Results/tools/../info/c32-2/FactorAnalysis/memberfunc/fit/fit_path.txt
##################################################


BAD CONSTRAINT
