========== PROJECT: c34-1 ==========
CLASS: 1
CLASS_WITH_DOCSTRING: 1
INSIDE FUNCTION: 2
INSIDE FUNCTION WITH DOCSTRING: 1
INDEPENDENT FUNCTION: 0
INDEPENDENT FUNCTION WITH DOCSTRING: 0
=============== END ===============
Processing ----- LinearSVC
Processing memberfunc: fit
Processing memberfunc: _more_tags
Before Filter: 1
After Filter: 1
Translating Class: LinearSVC; Function: fit
func: /Users/esther/Desktop/projects/MPChecker-Results/tools/../info/c34-1/LinearSVC/memberfunc/fit/fit.py
Translating Class: LinearSVC; Function: _more_tags
func: /Users/esther/Desktop/projects/MPChecker-Results/tools/../info/c34-1/LinearSVC/memberfunc/_more_tags/_more_tags.py
total call times: 2
path: /Users/esther/Desktop/projects/MPChecker-Results/tools/../info/c34-1/LinearSVC/memberfunc/fit/fit_path.txt
python3 /Users/esther/Desktop/projects/MPChecker-Results/tools/../tools/PyExSMT/main.py --path /Users/esther/Desktop/projects/MPChecker-Results/tools/../info/c34-1/LinearSVC/memberfunc/fit/fit_trans.py --entry fit
path: /Users/esther/Desktop/projects/MPChecker-Results/tools/../info/c34-1/LinearSVC/memberfunc/_more_tags/_more_tags_path.txt
python3 /Users/esther/Desktop/projects/MPChecker-Results/tools/../tools/PyExSMT/main.py --path /Users/esther/Desktop/projects/MPChecker-Results/tools/../info/c34-1/LinearSVC/memberfunc/_more_tags/_more_tags_trans.py --entry _more_tags

===== Processing folder: LinearSVC =====
[91m--- Solving memberfunc: c34-1/LinearSVC/fit[0m
Checking constraints in ["(penalty != 'l1') -> (loss = 'hinge')"]
Reading path file: /Users/esther/Desktop/projects/MPChecker-Results/tools/../info/c34-1/LinearSVC/memberfunc/fit/fit_path.txt

~~~~~~~~~~
[93m[Constraint #1][0m: (penalty != 'l1') -> (loss = 'hinge')
  - Parameter Names: ['penalty', 'loss']
  - Parameters: [('penalty', '!=', 'l1', ''), ('loss', '=', 'hinge', '')]
  - Expression: And(penalty != "l1", loss == "hinge")
  - Modified Parameter Names: ['penalty', 'loss']
  - Modified Parameters: [('penalty', '!=', 'l1', ''), ('loss', '=', 'hinge', '')]
  - Modified Expression: And(penalty != "l1", loss == "hinge")
  - Logic: {0}^{1}
  - Similarity: 1.0
~~~~~~~~~~
Starting to solve the constraint===>>>
normal results: [False, True, False, False, False, False, True, True, True, True]
[91m--- Solving memberfunc: c34-1/LinearSVC/_more_tags[0m
Checking constraints in ["(penalty != 'l1') -> (loss = 'hinge')"]
Reading path file: /Users/esther/Desktop/projects/MPChecker-Results/tools/../info/c34-1/LinearSVC/memberfunc/_more_tags/_more_tags_path.txt

~~~~~~~~~~
[93m[Constraint #1][0m: (penalty != 'l1') -> (loss = 'hinge')
  - Parameter Names: ['penalty', 'loss']
  - Parameters: [('penalty', '!=', 'l1', ''), ('loss', '=', 'hinge', '')]
  - Expression: And(penalty != "l1", loss == "hinge")
  - Modified Parameter Names: ['penalty', 'loss']
  - Modified Parameters: [('penalty', '=', '', '0'), ('loss', '=', '', '0')]
  - Modified Expression: And(0 == penalty, 0 == loss)
  - Logic: {0}^{1}
  - Similarity: 0.6
~~~~~~~~~~
All path files checked.
