========== PROJECT: c37-1 ==========
CLASS: 0
CLASS_WITH_DOCSTRING: 0
INSIDE FUNCTION: 0
INSIDE FUNCTION WITH DOCSTRING: 0
INDEPENDENT FUNCTION: 1
INDEPENDENT FUNCTION WITH DOCSTRING: 1
=============== END ===============
Processing ----- _sparse_encode
Before Filter: 1
After Filter: 1
Translating Independent Function: _sparse_encode
func: /Users/esther/Desktop/projects/MPChecker-Results/tools/../info/c37-1/_sparse_encode/_sparse_encode.py
total call times: 1
path: /Users/esther/Desktop/projects/MPChecker-Results/tools/../info/c37-1/_sparse_encode/_sparse_encode_path.txt
python3 /Users/esther/Desktop/projects/MPChecker-Results/tools/../tools/PyExSMT/main.py --path /Users/esther/Desktop/projects/MPChecker-Results/tools/../info/c37-1/_sparse_encode/_sparse_encode_trans.py --entry _sparse_encode

===== Processing folder: _sparse_encode =====
[91m--- Solving func: c37-1/_sparse_encode[0m
Checking constraints in ["(algorithm = 'lasso_lars') -> (max_iter = 'ignore')"]
Reading path file: /Users/esther/Desktop/projects/MPChecker-Results/tools/../info/c37-1/_sparse_encode/_sparse_encode_path.txt
normal results: [False, False, False, False, False, False, False, False, False, False, False, False, False, False, False, False, False, False, False, False, False, False, False, False, False, False, False, False, False, False, False, False, False, False, False, False, False, False, False, False]


[91m[ BAD CONSTRAINT WITH FUZZY ][0m
##################################################
Library: c37-1
Function: _sparse_encode
Constraint: (algorithm = 'lasso_lars') -> (max_iter = 'ignore')
path file: /Users/esther/Desktop/projects/MPChecker-Results/tools/../info/c37-1/_sparse_encode/_sparse_encode_path.txt
##################################################


BAD CONSTRAINT
