========== PROJECT: c39-1 ==========
CLASS: 0
CLASS_WITH_DOCSTRING: 0
INSIDE FUNCTION: 0
INSIDE FUNCTION WITH DOCSTRING: 0
INDEPENDENT FUNCTION: 1
INDEPENDENT FUNCTION WITH DOCSTRING: 1
=============== END ===============
Processing ----- sparse_encode
--- MISMATCH : sparse_encode - sparse_encode --- 
Doc: ['X', 'dictionary', 'gram', 'cov', 'algorithm', 'regularization', 'init', 'max_iter', 'copy_cov', 'check_input', 'verbose', 'positive']
Code: ['X', 'dictionary', 'gram', 'cov', 'algorithm', 'n_nonzero_coefs', 'alpha', 'copy_cov', 'init', 'max_iter', 'n_jobs', 'check_input', 'verbose', 'positive']
Difference: {'n_jobs', 'regularization', 'alpha', 'n_nonzero_coefs'}

Before Filter: 1
After Filter: 1
Translating Independent Function: sparse_encode
func: /Users/esther/Desktop/projects/MPChecker-Results/tools/../info/c39-1/sparse_encode/sparse_encode.py
total call times: 1
path: /Users/esther/Desktop/projects/MPChecker-Results/tools/../info/c39-1/sparse_encode/sparse_encode_path.txt
python3 /Users/esther/Desktop/projects/MPChecker-Results/tools/../tools/PyExSMT/main.py --path /Users/esther/Desktop/projects/MPChecker-Results/tools/../info/c39-1/sparse_encode/sparse_encode_trans.py --entry sparse_encode

===== Processing folder: sparse_encode =====
[91m--- Solving func: c39-1/sparse_encode[0m
Checking constraints in ["(algorithm = 'threshold') -> (gram = 'exist')"]
Reading path file: /Users/esther/Desktop/projects/MPChecker-Results/tools/../info/c39-1/sparse_encode/sparse_encode_path.txt
normal results: [False, False, False, False, False, False, False, False, False, False, False, False, False, False]


[91m[ BAD CONSTRAINT WITH FUZZY ][0m
##################################################
Library: c39-1
Function: sparse_encode
Constraint: (algorithm = 'threshold') -> (gram = 'exist')
path file: /Users/esther/Desktop/projects/MPChecker-Results/tools/../info/c39-1/sparse_encode/sparse_encode_path.txt
##################################################


BAD CONSTRAINT
