========== PROJECT: c48-0 ==========
CLASS: 0
CLASS_WITH_DOCSTRING: 0
INSIDE FUNCTION: 0
INSIDE FUNCTION WITH DOCSTRING: 0
INDEPENDENT FUNCTION: 1
INDEPENDENT FUNCTION WITH DOCSTRING: 1
=============== END ===============
Processing ----- locally_linear_embedding
Before Filter: 1
After Filter: 1
Translating Independent Function: locally_linear_embedding
func: /Users/esther/Desktop/projects/MPChecker-Results/tools/../info/c48-0/locally_linear_embedding/locally_linear_embedding.py
total call times: 1
path: /Users/esther/Desktop/projects/MPChecker-Results/tools/../info/c48-0/locally_linear_embedding/locally_linear_embedding_path.txt
python3 /Users/esther/Desktop/projects/MPChecker-Results/tools/../tools/PyExSMT/main.py --path /Users/esther/Desktop/projects/MPChecker-Results/tools/../info/c48-0/locally_linear_embedding/locally_linear_embedding_trans.py --entry locally_linear_embedding

===== Processing folder: locally_linear_embedding =====
[91m--- Solving func: c48-0/locally_linear_embedding[0m
Checking constraints in ["(method = 'modified') -> (modified_tol = 'exist')"]
Reading path file: /Users/esther/Desktop/projects/MPChecker-Results/tools/../info/c48-0/locally_linear_embedding/locally_linear_embedding_path.txt
normal results: [False, False, True, True, True, True, True, True, True, True, True, True, True, True, True, True, True, True, False, False]
All path files checked.
