[33mtools.auxiliary - WARNING - Constraint similarity score is too high: (direction = 'backward') -> (tol < 0)[0m
========== PROJECT: c5-0 ==========
CLASS: 1
CLASS_WITH_DOCSTRING: 1
INSIDE FUNCTION: 4
INSIDE FUNCTION WITH DOCSTRING: 1
INDEPENDENT FUNCTION: 0
INDEPENDENT FUNCTION WITH DOCSTRING: 0
=============== END ===============
Processing ----- SequentialFeatureSelector
Processing memberfunc: fit
Processing memberfunc: _more_tags
Processing memberfunc: _get_best_new_feature_score
Processing memberfunc: _get_support_mask
Before Filter: 1
After Filter: 1
Translating Class: SequentialFeatureSelector; Function: fit
func: /Users/esther/Desktop/projects/MPChecker-Results/tools/../info/c5-0/SequentialFeatureSelector/memberfunc/fit/fit.py
Translating Class: SequentialFeatureSelector; Function: _more_tags
func: /Users/esther/Desktop/projects/MPChecker-Results/tools/../info/c5-0/SequentialFeatureSelector/memberfunc/_more_tags/_more_tags.py
Translating Class: SequentialFeatureSelector; Function: _get_best_new_feature_score
func: /Users/esther/Desktop/projects/MPChecker-Results/tools/../info/c5-0/SequentialFeatureSelector/memberfunc/_get_best_new_feature_score/_get_best_new_feature_score.py
Translating Class: SequentialFeatureSelector; Function: _get_support_mask
func: /Users/esther/Desktop/projects/MPChecker-Results/tools/../info/c5-0/SequentialFeatureSelector/memberfunc/_get_support_mask/_get_support_mask.py
total call times: 4
path: /Users/esther/Desktop/projects/MPChecker-Results/tools/../info/c5-0/SequentialFeatureSelector/memberfunc/fit/fit_path.txt
python3 /Users/esther/Desktop/projects/MPChecker-Results/tools/../tools/PyExSMT/main.py --path /Users/esther/Desktop/projects/MPChecker-Results/tools/../info/c5-0/SequentialFeatureSelector/memberfunc/fit/fit_trans.py --entry fit
path: /Users/esther/Desktop/projects/MPChecker-Results/tools/../info/c5-0/SequentialFeatureSelector/memberfunc/_more_tags/_more_tags_path.txt
python3 /Users/esther/Desktop/projects/MPChecker-Results/tools/../tools/PyExSMT/main.py --path /Users/esther/Desktop/projects/MPChecker-Results/tools/../info/c5-0/SequentialFeatureSelector/memberfunc/_more_tags/_more_tags_trans.py --entry _more_tags
path: /Users/esther/Desktop/projects/MPChecker-Results/tools/../info/c5-0/SequentialFeatureSelector/memberfunc/_get_best_new_feature_score/_get_best_new_feature_score_path.txt
python3 /Users/esther/Desktop/projects/MPChecker-Results/tools/../tools/PyExSMT/main.py --path /Users/esther/Desktop/projects/MPChecker-Results/tools/../info/c5-0/SequentialFeatureSelector/memberfunc/_get_best_new_feature_score/_get_best_new_feature_score_trans.py --entry _get_best_new_feature_score
path: /Users/esther/Desktop/projects/MPChecker-Results/tools/../info/c5-0/SequentialFeatureSelector/memberfunc/_get_support_mask/_get_support_mask_path.txt
python3 /Users/esther/Desktop/projects/MPChecker-Results/tools/../tools/PyExSMT/main.py --path /Users/esther/Desktop/projects/MPChecker-Results/tools/../info/c5-0/SequentialFeatureSelector/memberfunc/_get_support_mask/_get_support_mask_trans.py --entry _get_support_mask

===== Processing folder: SequentialFeatureSelector =====
[91m--- Solving memberfunc: c5-0/SequentialFeatureSelector/fit[0m
Checking constraints in ["(direction = 'backward') -> (tol < 0)"]
Reading path file: /Users/esther/Desktop/projects/MPChecker-Results/tools/../info/c5-0/SequentialFeatureSelector/memberfunc/fit/fit_path.txt

~~~~~~~~~~
[93m[Constraint #1][0m: (direction = 'backward') -> (tol < 0)
  - Parameter Names: ['direction', 'tol']
  - Parameters: [('direction', '=', 'backward', ''), ('tol', '<', '', '0')]
  - Expression: And(direction == "backward", 0 > tol)
  - Modified Parameter Names: ['direction', 'tol']
  - Modified Parameters: [('direction', '=', 'forward', ''), ('tol', '<', '', '0')]
  - Modified Expression: And(direction == "forward", 0 > tol)
  - Logic: {0}^{1}
  - Similarity: 0.88
~~~~~~~~~~
[91m--- Solving memberfunc: c5-0/SequentialFeatureSelector/_more_tags[0m
Checking constraints in ["(direction = 'backward') -> (tol < 0)"]
Reading path file: /Users/esther/Desktop/projects/MPChecker-Results/tools/../info/c5-0/SequentialFeatureSelector/memberfunc/_more_tags/_more_tags_path.txt

~~~~~~~~~~
[93m[Constraint #1][0m: (direction = 'backward') -> (tol < 0)
  - Parameter Names: ['direction', 'tol']
  - Parameters: [('direction', '=', 'backward', ''), ('tol', '<', '', '0')]
  - Expression: And(direction == "backward", 0 > tol)
  - Modified Parameter Names: ['direction', 'tol']
  - Modified Parameters: [('direction', '=', '', '0'), ('tol', '<', '', '0')]
  - Modified Expression: And(0 == direction, 0 > tol)
  - Logic: {0}^{1}
  - Similarity: 0.75
~~~~~~~~~~
[91m--- Solving memberfunc: c5-0/SequentialFeatureSelector/_get_best_new_feature_score[0m
Checking constraints in ["(direction = 'backward') -> (tol < 0)"]
Reading path file: /Users/esther/Desktop/projects/MPChecker-Results/tools/../info/c5-0/SequentialFeatureSelector/memberfunc/_get_best_new_feature_score/_get_best_new_feature_score_path.txt

~~~~~~~~~~
[93m[Constraint #1][0m: (direction = 'backward') -> (tol < 0)
  - Parameter Names: ['direction', 'tol']
  - Parameters: [('direction', '=', 'backward', ''), ('tol', '<', '', '0')]
  - Expression: And(direction == "backward", 0 > tol)
  - Modified Parameter Names: ['direction', 'tol']
  - Modified Parameters: [('direction', '!=', 'backward', ''), ('tol', '<', '', '0')]
  - Modified Expression: And(direction != "backward", 0 > tol)
  - Logic: {0}^{1}
  - Similarity: 0.85
~~~~~~~~~~
[91m--- Solving memberfunc: c5-0/SequentialFeatureSelector/_get_support_mask[0m
Checking constraints in ["(direction = 'backward') -> (tol < 0)"]
Reading path file: /Users/esther/Desktop/projects/MPChecker-Results/tools/../info/c5-0/SequentialFeatureSelector/memberfunc/_get_support_mask/_get_support_mask_path.txt

~~~~~~~~~~
[93m[Constraint #1][0m: (direction = 'backward') -> (tol < 0)
  - Parameter Names: ['direction', 'tol']
  - Parameters: [('direction', '=', 'backward', ''), ('tol', '<', '', '0')]
  - Expression: And(direction == "backward", 0 > tol)
  - Modified Parameter Names: ['direction', 'tol']
  - Modified Parameters: [('direction', '=', '', '0'), ('tol', '<', '', '0')]
  - Modified Expression: And(0 == direction, 0 > tol)
  - Logic: {0}^{1}
  - Similarity: 0.75
~~~~~~~~~~
All path files checked.
