========== PROJECT: c52-1 ==========
CLASS: 0
CLASS_WITH_DOCSTRING: 0
INSIDE FUNCTION: 0
INSIDE FUNCTION WITH DOCSTRING: 0
INDEPENDENT FUNCTION: 1
INDEPENDENT FUNCTION WITH DOCSTRING: 1
=============== END ===============
Processing ----- learning_curve
Before Filter: 1
After Filter: 1
Translating Independent Function: learning_curve
func: /Users/esther/Desktop/projects/MPChecker-Results/tools/../info/c52-1/learning_curve/learning_curve.py
total call times: 1
path: /Users/esther/Desktop/projects/MPChecker-Results/tools/../info/c52-1/learning_curve/learning_curve_path.txt
python3 /Users/esther/Desktop/projects/MPChecker-Results/tools/../tools/PyExSMT/main.py --path /Users/esther/Desktop/projects/MPChecker-Results/tools/../info/c52-1/learning_curve/learning_curve_trans.py --entry learning_curve

===== Processing folder: learning_curve =====
[91m--- Solving func: c52-1/learning_curve[0m
Checking constraints in ["(shuffle = 'True') -> (random_state != 'exist')"]
Reading path file: /Users/esther/Desktop/projects/MPChecker-Results/tools/../info/c52-1/learning_curve/learning_curve_path.txt
normal results: [False, False, False, False, False, False, False, False, False, False, False, False, False, False, False, False, False, False, False, False, False, False, False, False, False, False, False, False, False, False, False, False, False, False, False, False, False, False, False, False]


[91m[ BAD CONSTRAINT WITH FUZZY ][0m
##################################################
Library: c52-1
Function: learning_curve
Constraint: (shuffle = 'True') -> (random_state != 'exist')
path file: /Users/esther/Desktop/projects/MPChecker-Results/tools/../info/c52-1/learning_curve/learning_curve_path.txt
##################################################


BAD CONSTRAINT
