========== PROJECT: c56-1 ==========
CLASS: 0
CLASS_WITH_DOCSTRING: 0
INSIDE FUNCTION: 0
INSIDE FUNCTION WITH DOCSTRING: 0
INDEPENDENT FUNCTION: 1
INDEPENDENT FUNCTION WITH DOCSTRING: 1
=============== END ===============
Processing ----- _check_solver_option
--- MISMATCH : _check_solver_option - _check_solver_option --- 
Doc: ['penalty', 'dual', 'C', 'fit_intercept', 'intercept_scaling', 'class_weight', 'max_iter', 'random_state', 'solver', 'tol', 'multi_class', 'verbose', 'warm_start', 'n_jobs']
Code: ['solver', 'multi_class', 'penalty', 'dual']
Difference: {'random_state', 'tol', 'verbose', 'max_iter', 'fit_intercept', 'n_jobs', 'C', 'warm_start', 'class_weight', 'intercept_scaling'}

Before Filter: 1
After Filter: 1
Translating Independent Function: _check_solver_option
func: /Users/esther/Desktop/projects/MPChecker-Results/tools/../info/c56-1/_check_solver_option/_check_solver_option.py
total call times: 1
path: /Users/esther/Desktop/projects/MPChecker-Results/tools/../info/c56-1/_check_solver_option/_check_solver_option_path.txt
python3 /Users/esther/Desktop/projects/MPChecker-Results/tools/../tools/PyExSMT/main.py --path /Users/esther/Desktop/projects/MPChecker-Results/tools/../info/c56-1/_check_solver_option/_check_solver_option_trans.py --entry _check_solver_option

===== Processing folder: _check_solver_option =====
[91m--- Solving func: c56-1/_check_solver_option[0m
Checking constraints in ["(solver = 'lbfgs') -> (penalty != 'l2')"]
Reading path file: /Users/esther/Desktop/projects/MPChecker-Results/tools/../info/c56-1/_check_solver_option/_check_solver_option_path.txt

~~~~~~~~~~
[93m[Constraint #1][0m: (solver = 'lbfgs') -> (penalty != 'l2')
  - Parameter Names: ['solver', 'penalty']
  - Parameters: [('solver', '=', 'lbfgs', ''), ('penalty', '!=', 'l2', '')]
  - Expression: And(solver == "lbfgs", penalty != "l2")
  - Modified Parameter Names: ['solver', 'penalty']
  - Modified Parameters: [('solver', '=', 'lbfgs', ''), ('penalty', '!=', 'l2', '')]
  - Modified Expression: And(solver == "lbfgs", penalty != "l2")
  - Logic: {0}^{1}
  - Similarity: 1.0
~~~~~~~~~~
Starting to solve the constraint===>>>


[91m[ BAD CONSTRAINT WITH ERROR ][0m
##################################################
Type: Raise Error
path: (solver != 'liblinear') -> (solver != 'newton-cg') -> (solver = 'lbfgs') -> (multi_class != 'multinomial') -> (multi_class = 'ovr') -> (multi_class != 'multinomial') -> (solver != 'liblinear') -> (penalty != 'l2') -> '(solver)_(penalty)_ERROR_END'
Library: c56-1
Function: _check_solver_option
Constraint: (solver = 'lbfgs') -> (penalty != 'l2')
path file: /Users/esther/Desktop/projects/MPChecker-Results/tools/../info/c56-1/_check_solver_option/_check_solver_option_path.txt
##################################################


BAD CONSTRAINT
