========== PROJECT: c57-0 ==========
CLASS: 1
CLASS_WITH_DOCSTRING: 1
INSIDE FUNCTION: 1
INSIDE FUNCTION WITH DOCSTRING: 1
INDEPENDENT FUNCTION: 0
INDEPENDENT FUNCTION WITH DOCSTRING: 0
=============== END ===============
Processing ----- AgglomerativeClustering
Processing memberfunc: fit
Before Filter: 1
After Filter: 1
Translating Class: AgglomerativeClustering; Function: fit
func: /Users/esther/Desktop/projects/MPChecker-Results/tools/../info/c57-0/AgglomerativeClustering/memberfunc/fit/fit.py
total call times: 1
path: /Users/esther/Desktop/projects/MPChecker-Results/tools/../info/c57-0/AgglomerativeClustering/memberfunc/fit/fit_path.txt
python3 /Users/esther/Desktop/projects/MPChecker-Results/tools/../tools/PyExSMT/main.py --path /Users/esther/Desktop/projects/MPChecker-Results/tools/../info/c57-0/AgglomerativeClustering/memberfunc/fit/fit_trans.py --entry fit

===== Processing folder: AgglomerativeClustering =====
[91m--- Solving memberfunc: c57-0/AgglomerativeClustering/fit[0m
Checking constraints in ["(distance_threshold != 'None') -> (n_clusters = 'None')"]
Reading path file: /Users/esther/Desktop/projects/MPChecker-Results/tools/../info/c57-0/AgglomerativeClustering/memberfunc/fit/fit_path.txt

~~~~~~~~~~
[93m[Constraint #1][0m: (distance_threshold != 'None') -> (n_clusters = 'None')
  - Parameter Names: ['distance_threshold', 'n_clusters']
  - Parameters: [('distance_threshold', '!=', 'None', ''), ('n_clusters', '=', 'None', '')]
  - Expression: And(distance_threshold != "None", n_clusters == "None")
  - Modified Parameter Names: ['distance_threshold', 'n_clusters']
  - Modified Parameters: [('distance_threshold', '!=', 'None', ''), ('n_clusters', '=', 'None', '')]
  - Modified Expression: And(distance_threshold != "None", n_clusters == "None")
  - Logic: {0}^{1}
  - Similarity: 1.0
~~~~~~~~~~
Starting to solve the constraint===>>>
normal results: [False, False, False, False, False, False, False, False, False, False, False, False, False, False, False, False, False, False, False, False, False, False, False, True, True, False, True, True, False, True, True, True, False, True, True, False, True, True, True]
All path files checked.
