========== PROJECT: c58-1 ==========
CLASS: 1
CLASS_WITH_DOCSTRING: 1
INSIDE FUNCTION: 1
INSIDE FUNCTION WITH DOCSTRING: 1
INDEPENDENT FUNCTION: 0
INDEPENDENT FUNCTION WITH DOCSTRING: 0
=============== END ===============
Processing ----- AgglomerativeClustering
Processing memberfunc: fit
Before Filter: 1
After Filter: 1
Translating Class: AgglomerativeClustering; Function: fit
func: /Users/esther/Desktop/projects/MPChecker-Results/tools/../info/c58-1/AgglomerativeClustering/memberfunc/fit/fit.py
total call times: 1
path: /Users/esther/Desktop/projects/MPChecker-Results/tools/../info/c58-1/AgglomerativeClustering/memberfunc/fit/fit_path.txt
python3 /Users/esther/Desktop/projects/MPChecker-Results/tools/../tools/PyExSMT/main.py --path /Users/esther/Desktop/projects/MPChecker-Results/tools/../info/c58-1/AgglomerativeClustering/memberfunc/fit/fit_trans.py --entry fit

===== Processing folder: AgglomerativeClustering =====
[91m--- Solving memberfunc: c58-1/AgglomerativeClustering/fit[0m
Checking constraints in ["(linkage = 'ward') -> (affinity != 'euclidean')"]
Reading path file: /Users/esther/Desktop/projects/MPChecker-Results/tools/../info/c58-1/AgglomerativeClustering/memberfunc/fit/fit_path.txt

~~~~~~~~~~
[93m[Constraint #1][0m: (linkage = 'ward') -> (affinity != 'euclidean')
  - Parameter Names: ['linkage', 'affinity']
  - Parameters: [('linkage', '=', 'ward', ''), ('affinity', '!=', 'euclidean', '')]
  - Expression: And(linkage == "ward", affinity != "euclidean")
  - Modified Parameter Names: ['linkage', 'affinity']
  - Modified Parameters: [('linkage', '=', 'ward', ''), ('affinity', '!=', 'euclidean', '')]
  - Modified Expression: And(linkage == "ward", affinity != "euclidean")
  - Logic: {0}^{1}
  - Similarity: 1.0
~~~~~~~~~~
Starting to solve the constraint===>>>


[91m[ BAD CONSTRAINT WITH ERROR ][0m
##################################################
Type: Raise Error
path: (n_clusters != 'None') -> (n_clusters > 0) -> (distance_threshold = 'None') -> (n_clusters != 'None') -> (distance_threshold = 'None') -> (distance_threshold = 'None') -> (linkage = 'ward') -> (affinity != 'euclidean') -> '(linkage)_(affinity)_ERROR_END'
Library: c58-1
Class: AgglomerativeClustering
Memberfunc: fit
Constraint: (linkage = 'ward') -> (affinity != 'euclidean')
path file: /Users/esther/Desktop/projects/MPChecker-Results/tools/../info/c58-1/AgglomerativeClustering/memberfunc/fit/fit_path.txt
##################################################


BAD CONSTRAINT
