========== PROJECT: c58-2 ==========
CLASS: 1
CLASS_WITH_DOCSTRING: 1
INSIDE FUNCTION: 1
INSIDE FUNCTION WITH DOCSTRING: 1
INDEPENDENT FUNCTION: 0
INDEPENDENT FUNCTION WITH DOCSTRING: 0
=============== END ===============
Processing ----- AgglomerativeClustering
Processing memberfunc: fit
Before Filter: 1
After Filter: 1
Translating Class: AgglomerativeClustering; Function: fit
func: /Users/esther/Desktop/projects/MPChecker-Results/tools/../info/c58-2/AgglomerativeClustering/memberfunc/fit/fit.py
total call times: 1
path: /Users/esther/Desktop/projects/MPChecker-Results/tools/../info/c58-2/AgglomerativeClustering/memberfunc/fit/fit_path.txt
python3 /Users/esther/Desktop/projects/MPChecker-Results/tools/../tools/PyExSMT/main.py --path /Users/esther/Desktop/projects/MPChecker-Results/tools/../info/c58-2/AgglomerativeClustering/memberfunc/fit/fit_trans.py --entry fit

===== Processing folder: AgglomerativeClustering =====
[91m--- Solving memberfunc: c58-2/AgglomerativeClustering/fit[0m
Checking constraints in ["(linkage = 'ward') -> (n_clusters != None && n_cluster <= 0)"]
Reading path file: /Users/esther/Desktop/projects/MPChecker-Results/tools/../info/c58-2/AgglomerativeClustering/memberfunc/fit/fit_path.txt
1.0

~~~~~~~~~~
[93m[Constraint #1][0m: (linkage = 'ward') -> (n_clusters != None && n_cluster <= 0)
  - Parameter Names: ['linkage', 'n_clusters', 'n_cluster']
  - Parameters: [('linkage', '=', 'ward', ''), ('n_clusters', '!=', 'None', ''), ('n_cluster', '<=', '', '0')]
  - Expression: And(linkage == "ward",
    And(n_clusters != "None", 0 >= n_cluster))
  - Modified Parameter Names: ['linkage', 'n_clusters', 'n_cluster']
  - Modified Parameters: [('linkage', '=', 'ward', ''), ('n_clusters', '!=', 'None', ''), ('n_cluster', '<=', '', '0')]
  - Modified Expression: And(linkage == "ward",
    And(n_clusters != "None", 0 >= n_cluster))
  - Logic: {0}^({1}^{2})
  - Similarity: 1.0
~~~~~~~~~~
Starting to solve the constraint===>>>
normal results: [False, False, False, False, False, False, False, False, False, False, False, False, False, False, False, False, False, False, False, False, False, False, False, False, False, False, False, False, False, False, False, False, False, False, False, False, False, False, False, False, False, False, False, False, False, False]


[91m[ BAD CONSTRAINT ][0m
##################################################
Library: c58-2
Class: AgglomerativeClustering
Memberfunc: fit
Constraint: (linkage = 'ward') -> (n_clusters != None && n_cluster <= 0)
path file: /Users/esther/Desktop/projects/MPChecker-Results/tools/../info/c58-2/AgglomerativeClustering/memberfunc/fit/fit_path.txt
##################################################


BAD CONSTRAINT
