========== PROJECT: c65-1 ==========
CLASS: 0
CLASS_WITH_DOCSTRING: 0
INSIDE FUNCTION: 0
INSIDE FUNCTION WITH DOCSTRING: 0
INDEPENDENT FUNCTION: 1
INDEPENDENT FUNCTION WITH DOCSTRING: 1
=============== END ===============
Processing ----- in1d
Before Filter: 1
After Filter: 1
Translating Independent Function: in1d
func: /Users/esther/Desktop/projects/MPChecker-Results/tools/../info/c65-1/in1d/in1d.py
total call times: 1
path: /Users/esther/Desktop/projects/MPChecker-Results/tools/../info/c65-1/in1d/in1d_path.txt
python3 /Users/esther/Desktop/projects/MPChecker-Results/tools/../tools/PyExSMT/main.py --path /Users/esther/Desktop/projects/MPChecker-Results/tools/../info/c65-1/in1d/in1d_trans.py --entry in1d

===== Processing folder: in1d =====
[91m--- Solving func: c65-1/in1d[0m
Checking constraints in ["(kind = 'table') -> (assume_unique = 'have an effect')"]
Reading path file: /Users/esther/Desktop/projects/MPChecker-Results/tools/../info/c65-1/in1d/in1d_path.txt
normal results: [False, False, False, False, False, False, False, False, False, False, False, False, False, False, False, False, False, False, False, False, False, False, False, False, False, False, False, False, False, False, False, False, False, False, False, False, False, False, False, False, False, False, False, False, False, False, False, False]


[91m[ BAD CONSTRAINT WITH FUZZY ][0m
##################################################
Library: c65-1
Function: in1d
Constraint: (kind = 'table') -> (assume_unique = 'have an effect')
path file: /Users/esther/Desktop/projects/MPChecker-Results/tools/../info/c65-1/in1d/in1d_path.txt
##################################################


BAD CONSTRAINT
