========== PROJECT: c69-2 ==========
CLASS: 0
CLASS_WITH_DOCSTRING: 0
INSIDE FUNCTION: 0
INSIDE FUNCTION WITH DOCSTRING: 0
INDEPENDENT FUNCTION: 1
INDEPENDENT FUNCTION WITH DOCSTRING: 1
=============== END ===============
Processing ----- probplot
Before Filter: 1
After Filter: 1
Translating Independent Function: probplot
func: /Users/esther/Desktop/projects/MPChecker-Results/tools/../info/c69-2/probplot/probplot.py
total call times: 1
path: /Users/esther/Desktop/projects/MPChecker-Results/tools/../info/c69-2/probplot/probplot_path.txt
python3 /Users/esther/Desktop/projects/MPChecker-Results/tools/../tools/PyExSMT/main.py --path /Users/esther/Desktop/projects/MPChecker-Results/tools/../info/c69-2/probplot/probplot_trans.py --entry probplot

===== Processing folder: probplot =====
[91m--- Solving func: c69-2/probplot[0m
Checking constraints in ["((plot = 'None') ^ (fit = 'True')) -> (rvalue = 'True')"]
Reading path file: /Users/esther/Desktop/projects/MPChecker-Results/tools/../info/c69-2/probplot/probplot_path.txt
0.75

~~~~~~~~~~
[93m[Constraint #1][0m: ((plot = 'None') ^ (fit = 'True')) -> (rvalue = 'True')
  - Parameter Names: ['plot', 'fit', 'rvalue']
  - Parameters: [('plot', '=', 'None', ''), ('fit', '=', 'True', ''), ('rvalue', '=', 'True', '')]
  - Expression: And(And(plot == "None", fit != 0), rvalue != 0)
  - Modified Parameter Names: ['plot', 'fit', 'rvalue']
  - Modified Parameters: [('plot', '=', 'None', ''), ('fit', '=', 'True', ''), ('rvalue', '=', 'True', '')]
  - Modified Expression: And(And(plot == "None", fit != 0), rvalue != 0)
  - Logic: ({0}^{1})^{2}
  - Similarity: 0.75
~~~~~~~~~~
Starting to solve the constraint===>>>
normal results: [False, False, False, False, False, False, False, False, False, False, False, False, False, False, False, False, False, False, False, False, False, False, False, False, False, False, False, False, False, False, False, False, False, False, False, False, False, False, False, False, False, False]


[91m[ BAD CONSTRAINT ][0m
##################################################
Library: c69-2
Function: probplot
Constraint: ((plot = 'None') ^ (fit = 'True')) -> (rvalue = 'True')
path file: /Users/esther/Desktop/projects/MPChecker-Results/tools/../info/c69-2/probplot/probplot_path.txt
##################################################


BAD CONSTRAINT
