[33mtools.auxiliary - WARNING - Constraint similarity score is too high: (oriented != 'tight' && oriented != 'columns') -> (columns != 'None')[0m
========== PROJECT: c72-2 ==========
CLASS: 1
CLASS_WITH_DOCSTRING: 1
INSIDE FUNCTION: 1
INSIDE FUNCTION WITH DOCSTRING: 1
INDEPENDENT FUNCTION: 1
INDEPENDENT FUNCTION WITH DOCSTRING: 0
=============== END ===============
Processing ----- DataFrame
Processing memberfunc: from_dict
--- MISMATCH : DataFrame - DataFrame --- 
Doc: ['data', 'index', 'columns', 'dtype', 'copy']
Code: ['N', 'o', ' ', '_', '_', 'i', 'n', 'i', 't', '_', '_', ' ', 'm', 'e', 't', 'h', 'o', 'd', ' ', 'f', 'o', 'u', 'n', 'd']
Difference: {'d', 'n', 'columns', 'N', ' ', 'copy', '_', 'm', 'o', 't', 'dtype', 'index', 'i', 'f', 'data', 'h', 'u', 'e'}

Before Filter: 1
After Filter: 1
Translating Class: DataFrame; Function: from_dict
func: /Users/esther/Desktop/projects/MPChecker-Results/tools/../info/c72-2/DataFrame/memberfunc/from_dict/from_dict.py
total call times: 1
path: /Users/esther/Desktop/projects/MPChecker-Results/tools/../info/c72-2/DataFrame/memberfunc/from_dict/from_dict_path.txt
python3 /Users/esther/Desktop/projects/MPChecker-Results/tools/../tools/PyExSMT/main.py --path /Users/esther/Desktop/projects/MPChecker-Results/tools/../info/c72-2/DataFrame/memberfunc/from_dict/from_dict_trans.py --entry from_dict

===== Processing folder: DataFrame =====
[91m--- Solving memberfunc: c72-2/DataFrame/from_dict[0m
Checking constraints in ["(oriented != 'tight' && oriented != 'columns') -> (columns != 'None')"]
Reading path file: /Users/esther/Desktop/projects/MPChecker-Results/tools/../info/c72-2/DataFrame/memberfunc/from_dict/from_dict_path.txt
0.94

~~~~~~~~~~
[93m[Constraint #1][0m: (oriented != 'tight' && oriented != 'columns') -> (columns != 'None')
  - Parameter Names: ['oriented', 'oriented', 'columns']
  - Parameters: [('oriented', '!=', 'tight', ''), ('oriented', '!=', 'columns', ''), ('columns', '!=', 'None', '')]
  - Expression: And(And(oriented != "tight", oriented != "columns"),
    columns != "None")
  - Modified Parameter Names: ['orient', 'orient', 'columns']
  - Modified Parameters: [('orient', '!=', 'tight', ''), ('orient', '!=', 'columns', ''), ('columns', '!=', 'None', '')]
  - Modified Expression: And(And(orient != "tight", orient != "columns"),
    columns != "None")
  - Logic: ({0}^{1})^{2}
  - Similarity: 0.94
~~~~~~~~~~
All path files checked.
